\BOOKMARK [1][-]{section.1}{\376\377\000I\000n\000f\000o\000r\000m\000a\000c\000i\000\363\000n\000\040\000G\000e\000n\000e\000r\000a\000l\000\040\000d\000e\000\040\000l\000a\000\040\000E\000m\000p\000r\000e\000s\000a}{}% 1
\BOOKMARK [1][-]{section.2}{\376\377\000D\000e\000s\000c\000r\000i\000p\000c\000i\000\363\000n\000\040\000d\000e\000l\000\040\000S\000i\000s\000t\000e\000m\000a}{}% 2
\BOOKMARK [2][-]{subsection.2.1}{\376\377\000T\000i\000p\000o\000s\000\040\000d\000e\000\040\000D\000o\000c\000u\000m\000e\000n\000t\000o\000\040\000S\000o\000p\000o\000r\000t\000a\000d\000o\000s}{section.2}% 3
\BOOKMARK [1][-]{section.3}{\376\377\000A\000r\000q\000u\000i\000t\000e\000c\000t\000u\000r\000a\000\040\000T\000e\000c\000n\000o\000l\000\363\000g\000i\000c\000a}{}% 4
\BOOKMARK [2][-]{subsection.3.1}{\376\377\000T\000e\000c\000n\000o\000l\000o\000g\000\355\000a\000s\000\040\000U\000t\000i\000l\000i\000z\000a\000d\000a\000s}{section.3}% 5
\BOOKMARK [2][-]{subsection.3.2}{\376\377\000A\000r\000q\000u\000i\000t\000e\000c\000t\000u\000r\000a\000\040\000d\000e\000\040\000l\000a\000\040\000A\000p\000l\000i\000c\000a\000c\000i\000\363\000n}{section.3}% 6
\BOOKMARK [1][-]{section.4}{\376\377\000B\000a\000s\000e\000\040\000d\000e\000\040\000D\000a\000t\000o\000s}{}% 7
\BOOKMARK [2][-]{subsection.4.1}{\376\377\000M\000o\000t\000o\000r\000\040\000d\000e\000\040\000A\000l\000m\000a\000c\000e\000n\000a\000m\000i\000e\000n\000t\000o}{section.4}% 8
\BOOKMARK [2][-]{subsection.4.2}{\376\377\000C\000o\000l\000e\000c\000c\000i\000o\000n\000e\000s\000\040\000\050\000D\000a\000t\000a\000s\000t\000o\000r\000e\000s\000\051}{section.4}% 9
\BOOKMARK [2][-]{subsection.4.3}{\376\377\000R\000u\000t\000a\000\040\000d\000e\000\040\000A\000l\000m\000a\000c\000e\000n\000a\000m\000i\000e\000n\000t\000o}{section.4}% 10
\BOOKMARK [1][-]{section.5}{\376\377\000F\000o\000r\000m\000a\000t\000o\000\040\000d\000e\000\040\000N\000u\000m\000e\000r\000a\000c\000i\000\363\000n\000\040\000d\000e\000\040\000D\000o\000c\000u\000m\000e\000n\000t\000o\000s}{}% 11
\BOOKMARK [2][-]{subsection.5.1}{\376\377\000F\000a\000c\000t\000u\000r\000a\000\040\000F\000i\000s\000c\000a\000l}{section.5}% 12
\BOOKMARK [2][-]{subsection.5.2}{\376\377\000C\000o\000t\000i\000z\000a\000c\000i\000\363\000n}{section.5}% 13
\BOOKMARK [1][-]{section.6}{\376\377\000C\000a\000m\000p\000o\000s\000\040\000d\000e\000l\000\040\000D\000o\000c\000u\000m\000e\000n\000t\000o\000\040\000d\000e\000\040\000F\000a\000c\000t\000u\000r\000a}{}% 14
\BOOKMARK [2][-]{subsection.6.1}{\376\377\000D\000a\000t\000o\000s\000\040\000d\000e\000l\000\040\000E\000m\000i\000s\000o\000r\000\040\000\050\000E\000m\000p\000r\000e\000s\000a\000\051}{section.6}% 15
\BOOKMARK [2][-]{subsection.6.2}{\376\377\000D\000a\000t\000o\000s\000\040\000d\000e\000l\000\040\000C\000l\000i\000e\000n\000t\000e\000\040\000\050\000A\000d\000q\000u\000i\000r\000e\000n\000t\000e\000\051}{section.6}% 16
\BOOKMARK [2][-]{subsection.6.3}{\376\377\000D\000a\000t\000o\000s\000\040\000F\000i\000s\000c\000a\000l\000e\000s\000\040\000d\000e\000l\000\040\000D\000o\000c\000u\000m\000e\000n\000t\000o}{section.6}% 17
\BOOKMARK [2][-]{subsection.6.4}{\376\377\000D\000e\000t\000a\000l\000l\000e\000\040\000d\000e\000\040\000\315\000t\000e\000m\000s}{section.6}% 18
\BOOKMARK [2][-]{subsection.6.5}{\376\377\000T\000o\000t\000a\000l\000e\000s\000\040\000y\000\040\000C\000\341\000l\000c\000u\000l\000o\000s\000\040\000F\000i\000s\000c\000a\000l\000e\000s}{section.6}% 19
\BOOKMARK [1][-]{section.7}{\376\377\000C\000\341\000l\000c\000u\000l\000o\000\040\000d\000e\000l\000\040\000I\000S\000V\000\040\000\050\000I\000m\000p\000u\000e\000s\000t\000o\000\040\000S\000o\000b\000r\000e\000\040\000V\000e\000n\000t\000a\000s\000\051}{}% 20
\BOOKMARK [2][-]{subsection.7.1}{\376\377\000M\000o\000d\000a\000l\000i\000d\000a\000d\000\040\0001\000:\000\040\000I\000S\000V\000\040\000N\000o\000\040\000I\000n\000c\000l\000u\000i\000d\000o\000\040\000e\000n\000\040\000e\000l\000\040\000P\000r\000e\000c\000i\000o}{section.7}% 21
\BOOKMARK [2][-]{subsection.7.2}{\376\377\000M\000o\000d\000a\000l\000i\000d\000a\000d\000\040\0002\000:\000\040\000I\000S\000V\000\040\000I\000n\000c\000l\000u\000i\000d\000o\000\040\000e\000n\000\040\000e\000l\000\040\000P\000r\000e\000c\000i\000o}{section.7}% 22
\BOOKMARK [1][-]{section.8}{\376\377\000F\000l\000u\000j\000o\000\040\000d\000e\000\040\000D\000o\000c\000u\000m\000e\000n\000t\000o\000s}{}% 23
\BOOKMARK [2][-]{subsection.8.1}{\376\377\000F\000a\000c\000t\000u\000r\000a\000\040\000D\000i\000r\000e\000c\000t\000a}{section.8}% 24
\BOOKMARK [2][-]{subsection.8.2}{\376\377\000F\000l\000u\000j\000o\000\040\000C\000o\000t\000i\000z\000a\000c\000i\000\363\000n\000\040\000\040\000F\000a\000c\000t\000u\000r\000a}{section.8}% 25
\BOOKMARK [1][-]{section.9}{\376\377\000A\000P\000I\000\040\000R\000E\000S\000T\000\040\000d\000e\000l\000\040\000S\000i\000s\000t\000e\000m\000a}{}% 26
\BOOKMARK [1][-]{section.10}{\376\377\000S\000e\000g\000u\000r\000i\000d\000a\000d\000\040\000y\000\040\000C\000o\000n\000t\000r\000o\000l\000\040\000d\000e\000\040\000D\000a\000t\000o\000s}{}% 27
\BOOKMARK [1][-]{section.11}{\376\377\000G\000e\000n\000e\000r\000a\000c\000i\000\363\000n\000\040\000d\000e\000\040\000P\000D\000F\000\040\000e\000\040\000I\000m\000p\000r\000e\000s\000i\000\363\000n}{}% 28
\BOOKMARK [1][-]{section.12}{\376\377\000R\000e\000q\000u\000i\000s\000i\000t\000o\000s\000\040\000p\000a\000r\000a\000\040\000R\000e\000g\000i\000s\000t\000r\000o\000\040\000y\000\040\000A\000u\000t\000o\000r\000i\000z\000a\000c\000i\000\363\000n\000\040\000S\000A\000R}{}% 29
\BOOKMARK [2][-]{subsection.12.1}{\376\377\000D\000o\000c\000u\000m\000e\000n\000t\000o\000s\000\040\000L\000e\000g\000a\000l\000e\000s\000\040\000d\000e\000\040\000l\000a\000\040\000E\000m\000p\000r\000e\000s\000a}{section.12}% 30
\BOOKMARK [2][-]{subsection.12.2}{\376\377\000I\000n\000f\000o\000r\000m\000a\000c\000i\000\363\000n\000\040\000d\000e\000l\000\040\000S\000i\000s\000t\000e\000m\000a\000\040\000d\000e\000\040\000F\000a\000c\000t\000u\000r\000a\000c\000i\000\363\000n}{section.12}% 31
\BOOKMARK [2][-]{subsection.12.3}{\376\377\000I\000n\000f\000o\000r\000m\000a\000c\000i\000\363\000n\000\040\000p\000a\000r\000a\000\040\000S\000o\000l\000i\000c\000i\000t\000u\000d\000\040\000d\000e\000\040\000C\000A\000I}{section.12}% 32
\BOOKMARK [1][-]{section.13}{\376\377\000G\000l\000o\000s\000a\000r\000i\000o\000\040\000d\000e\000\040\000T\000\351\000r\000m\000i\000n\000o\000s}{}% 33
